2023.07.06 23:54:50 INFO  Started: Metals version 0.11.12 in workspace '/Users/tanveer.hehar/Desktop/W/559detailing' for client Visual Studio Code 1.75.1.
Jul 06, 2023 11:54:50 PM org.flywaydb.core.internal.license.VersionPrinter printVersionOnly
INFO: Flyway Community Edition 9.16.3 by Redgate
Jul 06, 2023 11:54:50 PM org.flywaydb.core.internal.license.VersionPrinter printVersion
INFO: See release notes here: https://rd.gt/416ObMi
Jul 06, 2023 11:54:50 PM org.flywaydb.core.internal.license.VersionPrinter printVersion
INFO: 
Jul 06, 2023 11:54:50 PM org.flywaydb.core.internal.database.base.BaseDatabaseType createDatabase
INFO: Database: jdbc:h2:file:/Users/tanveer.hehar/Desktop/W/559detailing/.metals/metals (H2 2.1)
Jul 06, 2023 11:54:50 PM org.flywaydb.core.internal.schemahistory.JdbcTableSchemaHistory allAppliedMigrations
INFO: Schema history table "PUBLIC"."flyway_schema_history" does not exist yet
Jul 06, 2023 11:54:50 PM org.flywaydb.core.internal.command.DbValidate validate
INFO: Successfully validated 4 migrations (execution time 00:00.017s)
Jul 06, 2023 11:54:50 PM org.flywaydb.core.internal.schemahistory.JdbcTableSchemaHistory create
INFO: Creating Schema History table "PUBLIC"."flyway_schema_history" ...
Jul 06, 2023 11:54:50 PM org.flywaydb.core.internal.command.DbMigrate migrateGroup
INFO: Current version of schema "PUBLIC": << Empty Schema >>
Jul 06, 2023 11:54:50 PM org.flywaydb.core.internal.command.DbMigrate doMigrateGroup
INFO: Migrating schema "PUBLIC" to version "1 - Create tables"
Jul 06, 2023 11:54:50 PM org.flywaydb.core.internal.command.DbMigrate doMigrateGroup
INFO: Migrating schema "PUBLIC" to version "2 - Server discovery"
Jul 06, 2023 11:54:50 PM org.flywaydb.core.internal.command.DbMigrate doMigrateGroup
INFO: Migrating schema "PUBLIC" to version "3 - Jar symbols"
Jul 06, 2023 11:54:50 PM org.flywaydb.core.internal.command.DbMigrate doMigrateGroup
INFO: Migrating schema "PUBLIC" to version "4 - Fingerprints"
Jul 06, 2023 11:54:50 PM org.flywaydb.core.internal.command.DbMigrate logSummary
INFO: Successfully applied 4 migrations to schema "PUBLIC", now at version v4 (execution time 00:00.110s)
2023.07.06 23:54:50 INFO  time: initialize in 0.77s
2023.07.06 23:54:50 WARN  Build server is not auto-connectable.
2023.07.06 23:54:50 WARN  no build tool detected in workspace '/Users/tanveer.hehar/Desktop/W/559detailing'. The most common cause for this problem is that the editor was opened in the wrong working directory, for example if you use sbt then the workspace directory should contain build.sbt. 
Jul 07, 2023 5:09:12 PM org.eclipse.lsp4j.jsonrpc.services.GenericEndpoint notify
INFO: Unsupported notification method: $/setTrace
